# JRE version: Java(TM) SE Runtime Environment (8.0_261-b12) (build 1.8.0_261-b12)
# Java VM: Java HotSpot(TM) 64-Bit Server VM (25.261-b12 mixed mode windows-amd64 compressed oops)
Heap:
 PSYoungGen      total 36864K, used 14524K [0x00000000d6c00000, 0x00000000d9500000, 0x0000000100000000)
  eden space 31744K, 29% used [0x00000000d6c00000,0x00000000d7533330,0x00000000d8b00000)
  from space 5120K, 99% used [0x00000000d9000000,0x00000000d94fc040,0x00000000d9500000)
  to   space 5120K, 0% used [0x00000000d8b00000,0x00000000d8b00000,0x00000000d9000000)
 ParOldGen       total 84992K, used 16202K [0x0000000084400000, 0x0000000089700000, 0x00000000d6c00000)
  object space 84992K, 19% used [0x0000000084400000,0x00000000853d29c8,0x0000000089700000)
 Metaspace       used 19448K, capacity 20402K, committed 20608K, reserved 1067008K
  class space    used 2716K, capacity 2930K, committed 2944K, reserved 1048576K
GC Heap History (4 events):
Event: 0.645 GC heap before
{Heap before GC invocations=1 (full 0):
 PSYoungGen      total 36864K, used 31744K [0x00000000d6c00000, 0x00000000d9500000, 0x0000000100000000)
  eden space 31744K, 100% used [0x00000000d6c00000,0x00000000d8b00000,0x00000000d8b00000)
  from space 5120K, 0% used [0x00000000d9000000,0x00000000d9000000,0x00000000d9500000)
  to   space 5120K, 0% used [0x00000000d8b00000,0x00000000d8b00000,0x00000000d9000000)
 ParOldGen       total 84992K, used 0K [0x0000000084400000, 0x0000000089700000, 0x00000000d6c00000)
  object space 84992K, 0% used [0x0000000084400000,0x0000000084400000,0x0000000089700000)
 Metaspace       used 11715K, capacity 12110K, committed 12416K, reserved 1060864K
  class space    used 1523K, capacity 1639K, committed 1664K, reserved 1048576K
Event: 0.649 GC heap after
Heap after GC invocations=1 (full 0):
 PSYoungGen      total 36864K, used 3504K [0x00000000d6c00000, 0x00000000d9500000, 0x0000000100000000)
  eden space 31744K, 0% used [0x00000000d6c00000,0x00000000d6c00000,0x00000000d8b00000)
  from space 5120K, 68% used [0x00000000d8b00000,0x00000000d8e6c030,0x00000000d9000000)
  to   space 5120K, 0% used [0x00000000d9000000,0x00000000d9000000,0x00000000d9500000)
 ParOldGen       total 84992K, used 6155K [0x0000000084400000, 0x0000000089700000, 0x00000000d6c00000)
  object space 84992K, 7% used [0x0000000084400000,0x0000000084a02c20,0x0000000089700000)
 Metaspace       used 11715K, capacity 12110K, committed 12416K, reserved 1060864K
  class space    used 1523K, capacity 1639K, committed 1664K, reserved 1048576K
}
Event: 6.295 GC heap before
{Heap before GC invocations=2 (full 0):
 PSYoungGen      total 36864K, used 35248K [0x00000000d6c00000, 0x00000000d9500000, 0x0000000100000000)
  eden space 31744K, 100% used [0x00000000d6c00000,0x00000000d8b00000,0x00000000d8b00000)
  from space 5120K, 68% used [0x00000000d8b00000,0x00000000d8e6c030,0x00000000d9000000)
  to   space 5120K, 0% used [0x00000000d9000000,0x00000000d9000000,0x00000000d9500000)
 ParOldGen       total 84992K, used 6155K [0x0000000084400000, 0x0000000089700000, 0x00000000d6c00000)
  object space 84992K, 7% used [0x0000000084400000,0x0000000084a02c20,0x0000000089700000)
 Metaspace       used 18797K, capacity 19656K, committed 19840K, reserved 1067008K
  class space    used 2696K, capacity 2881K, committed 2944K, reserved 1048576K
Event: 6.303 GC heap after
Heap after GC invocations=2 (full 0):
 PSYoungGen      total 36864K, used 5104K [0x00000000d6c00000, 0x00000000d9500000, 0x0000000100000000)
  eden space 31744K, 0% used [0x00000000d6c00000,0x00000000d6c00000,0x00000000d8b00000)
  from space 5120K, 99% used [0x00000000d9000000,0x00000000d94fc040,0x00000000d9500000)
  to   space 5120K, 0% used [0x00000000d8b00000,0x00000000d8b00000,0x00000000d9000000)
 ParOldGen       total 84992K, used 16202K [0x0000000084400000, 0x0000000089700000, 0x00000000d6c00000)
  object space 84992K, 19% used [0x0000000084400000,0x00000000853d29c8,0x0000000089700000)
 Metaspace       used 18797K, capacity 19656K, committed 19840K, reserved 1067008K
  class space    used 2696K, capacity 2881K, committed 2944K, reserved 1048576K
}

