# JRE version: Java(TM) SE Runtime Environment (8.0_261-b12) (build 1.8.0_261-b12)
# Java VM: Java HotSpot(TM) 64-Bit Server VM (25.261-b12 mixed mode windows-amd64 compressed oops)
Heap:
 PSYoungGen      total 36864K, used 18529K [0x00000000d6c00000, 0x00000000d9500000, 0x0000000100000000)
  eden space 31744K, 56% used [0x00000000d6c00000,0x00000000d7d98538,0x00000000d8b00000)
  from space 5120K, 10% used [0x00000000d9000000,0x00000000d9080000,0x00000000d9500000)
  to   space 5120K, 0% used [0x00000000d8b00000,0x00000000d8b00000,0x00000000d9000000)
 ParOldGen       total 57344K, used 13449K [0x0000000084400000, 0x0000000087c00000, 0x00000000d6c00000)
  object space 57344K, 23% used [0x0000000084400000,0x0000000085122510,0x0000000087c00000)
 Metaspace       used 20731K, capacity 21698K, committed 21888K, reserved 1069056K
  class space    used 2877K, capacity 3096K, committed 3200K, reserved 1048576K
GC Heap History (10 events):
Event: 0.704 GC heap before
{Heap before GC invocations=1 (full 0):
 PSYoungGen      total 36864K, used 31744K [0x00000000d6c00000, 0x00000000d9500000, 0x0000000100000000)
  eden space 31744K, 100% used [0x00000000d6c00000,0x00000000d8b00000,0x00000000d8b00000)
  from space 5120K, 0% used [0x00000000d9000000,0x00000000d9000000,0x00000000d9500000)
  to   space 5120K, 0% used [0x00000000d8b00000,0x00000000d8b00000,0x00000000d9000000)
 ParOldGen       total 84992K, used 0K [0x0000000084400000, 0x0000000089700000, 0x00000000d6c00000)
  object space 84992K, 0% used [0x0000000084400000,0x0000000084400000,0x0000000089700000)
 Metaspace       used 11696K, capacity 12046K, committed 12160K, reserved 1060864K
  class space    used 1521K, capacity 1639K, committed 1664K, reserved 1048576K
Event: 0.709 GC heap after
Heap after GC invocations=1 (full 0):
 PSYoungGen      total 36864K, used 3488K [0x00000000d6c00000, 0x00000000d9500000, 0x0000000100000000)
  eden space 31744K, 0% used [0x00000000d6c00000,0x00000000d6c00000,0x00000000d8b00000)
  from space 5120K, 68% used [0x00000000d8b00000,0x00000000d8e68040,0x00000000d9000000)
  to   space 5120K, 0% used [0x00000000d9000000,0x00000000d9000000,0x00000000d9500000)
 ParOldGen       total 84992K, used 6155K [0x0000000084400000, 0x0000000089700000, 0x00000000d6c00000)
  object space 84992K, 7% used [0x0000000084400000,0x0000000084a02c20,0x0000000089700000)
 Metaspace       used 11696K, capacity 12046K, committed 12160K, reserved 1060864K
  class space    used 1521K, capacity 1639K, committed 1664K, reserved 1048576K
}
Event: 18.677 GC heap before
{Heap before GC invocations=2 (full 0):
 PSYoungGen      total 36864K, used 35232K [0x00000000d6c00000, 0x00000000d9500000, 0x0000000100000000)
  eden space 31744K, 100% used [0x00000000d6c00000,0x00000000d8b00000,0x00000000d8b00000)
  from space 5120K, 68% used [0x00000000d8b00000,0x00000000d8e68040,0x00000000d9000000)
  to   space 5120K, 0% used [0x00000000d9000000,0x00000000d9000000,0x00000000d9500000)
 ParOldGen       total 84992K, used 6155K [0x0000000084400000, 0x0000000089700000, 0x00000000d6c00000)
  object space 84992K, 7% used [0x0000000084400000,0x0000000084a02c20,0x0000000089700000)
 Metaspace       used 18853K, capacity 19670K, committed 19840K, reserved 1067008K
  class space    used 2704K, capacity 2908K, committed 2944K, reserved 1048576K
Event: 18.683 GC heap after
Heap after GC invocations=2 (full 0):
 PSYoungGen      total 36864K, used 5088K [0x00000000d6c00000, 0x00000000d9500000, 0x0000000100000000)
  eden space 31744K, 0% used [0x00000000d6c00000,0x00000000d6c00000,0x00000000d8b00000)
  from space 5120K, 99% used [0x00000000d9000000,0x00000000d94f8060,0x00000000d9500000)
  to   space 5120K, 0% used [0x00000000d8b00000,0x00000000d8b00000,0x00000000d9000000)
 ParOldGen       total 84992K, used 15818K [0x0000000084400000, 0x0000000089700000, 0x00000000d6c00000)
  object space 84992K, 18% used [0x0000000084400000,0x00000000853729e8,0x0000000089700000)
 Metaspace       used 18853K, capacity 19670K, committed 19840K, reserved 1067008K
  class space    used 2704K, capacity 2908K, committed 2944K, reserved 1048576K
}
Event: 46.521 GC heap before
{Heap before GC invocations=3 (full 0):
 PSYoungGen      total 36864K, used 15055K [0x00000000d6c00000, 0x00000000d9500000, 0x0000000100000000)
  eden space 31744K, 31% used [0x00000000d6c00000,0x00000000d75bbdd0,0x00000000d8b00000)
  from space 5120K, 99% used [0x00000000d9000000,0x00000000d94f8060,0x00000000d9500000)
  to   space 5120K, 0% used [0x00000000d8b00000,0x00000000d8b00000,0x00000000d9000000)
 ParOldGen       total 84992K, used 15818K [0x0000000084400000, 0x0000000089700000, 0x00000000d6c00000)
  object space 84992K, 18% used [0x0000000084400000,0x00000000853729e8,0x0000000089700000)
 Metaspace       used 20242K, capacity 21170K, committed 21248K, reserved 1067008K
  class space    used 2837K, capacity 3056K, committed 3072K, reserved 1048576K
Event: 46.526 GC heap after
Heap after GC invocations=3 (full 0):
 PSYoungGen      total 36864K, used 5072K [0x00000000d6c00000, 0x00000000d9500000, 0x0000000100000000)
  eden space 31744K, 0% used [0x00000000d6c00000,0x00000000d6c00000,0x00000000d8b00000)
  from space 5120K, 99% used [0x00000000d8b00000,0x00000000d8ff4060,0x00000000d9000000)
  to   space 5120K, 0% used [0x00000000d9000000,0x00000000d9000000,0x00000000d9500000)
 ParOldGen       total 84992K, used 16850K [0x0000000084400000, 0x0000000089700000, 0x00000000d6c00000)
  object space 84992K, 19% used [0x0000000084400000,0x00000000854749f8,0x0000000089700000)
 Metaspace       used 20242K, capacity 21170K, committed 21248K, reserved 1067008K
  class space    used 2837K, capacity 3056K, committed 3072K, reserved 1048576K
}
Event: 46.526 GC heap before
{Heap before GC invocations=4 (full 1):
 PSYoungGen      total 36864K, used 5072K [0x00000000d6c00000, 0x00000000d9500000, 0x0000000100000000)
  eden space 31744K, 0% used [0x00000000d6c00000,0x00000000d6c00000,0x00000000d8b00000)
  from space 5120K, 99% used [0x00000000d8b00000,0x00000000d8ff4060,0x00000000d9000000)
  to   space 5120K, 0% used [0x00000000d9000000,0x00000000d9000000,0x00000000d9500000)
 ParOldGen       total 84992K, used 16850K [0x0000000084400000, 0x0000000089700000, 0x00000000d6c00000)
  object space 84992K, 19% used [0x0000000084400000,0x00000000854749f8,0x0000000089700000)
 Metaspace       used 20242K, capacity 21170K, committed 21248K, reserved 1067008K
  class space    used 2837K, capacity 3056K, committed 3072K, reserved 1048576K
Event: 46.552 GC heap after
Heap after GC invocations=4 (full 1):
 PSYoungGen      total 36864K, used 0K [0x00000000d6c00000, 0x00000000d9500000, 0x0000000100000000)
  eden space 31744K, 0% used [0x00000000d6c00000,0x00000000d6c00000,0x00000000d8b00000)
  from space 5120K, 0% used [0x00000000d8b00000,0x00000000d8b00000,0x00000000d9000000)
  to   space 5120K, 0% used [0x00000000d9000000,0x00000000d9000000,0x00000000d9500000)
 ParOldGen       total 57344K, used 13441K [0x0000000084400000, 0x0000000087c00000, 0x00000000d6c00000)
  object space 57344K, 23% used [0x0000000084400000,0x0000000085120510,0x0000000087c00000)
 Metaspace       used 20242K, capacity 21170K, committed 21248K, reserved 1067008K
  class space    used 2837K, capacity 3056K, committed 3072K, reserved 1048576K
}
Event: 94.683 GC heap before
{Heap before GC invocations=5 (full 1):
 PSYoungGen      total 36864K, used 31744K [0x00000000d6c00000, 0x00000000d9500000, 0x0000000100000000)
  eden space 31744K, 100% used [0x00000000d6c00000,0x00000000d8b00000,0x00000000d8b00000)
  from space 5120K, 0% used [0x00000000d8b00000,0x00000000d8b00000,0x00000000d9000000)
  to   space 5120K, 0% used [0x00000000d9000000,0x00000000d9000000,0x00000000d9500000)
 ParOldGen       total 57344K, used 13441K [0x0000000084400000, 0x0000000087c00000, 0x00000000d6c00000)
  object space 57344K, 23% used [0x0000000084400000,0x0000000085120510,0x0000000087c00000)
 Metaspace       used 20637K, capacity 21598K, committed 21888K, reserved 1069056K
  class space    used 2868K, capacity 3090K, committed 3200K, reserved 1048576K
Event: 94.684 GC heap after
Heap after GC invocations=5 (full 1):
 PSYoungGen      total 36864K, used 512K [0x00000000d6c00000, 0x00000000d9500000, 0x0000000100000000)
  eden space 31744K, 0% used [0x00000000d6c00000,0x00000000d6c00000,0x00000000d8b00000)
  from space 5120K, 10% used [0x00000000d9000000,0x00000000d9080000,0x00000000d9500000)
  to   space 5120K, 0% used [0x00000000d8b00000,0x00000000d8b00000,0x00000000d9000000)
 ParOldGen       total 57344K, used 13449K [0x0000000084400000, 0x0000000087c00000, 0x00000000d6c00000)
  object space 57344K, 23% used [0x0000000084400000,0x0000000085122510,0x0000000087c00000)
 Metaspace       used 20637K, capacity 21598K, committed 21888K, reserved 1069056K
  class space    used 2868K, capacity 3090K, committed 3200K, reserved 1048576K
}

